TN:
SF:base\test-setup.ts
FNF:0
FNH:0
DA:1,1
DA:2,1
DA:3,1
DA:4,1
DA:5,1
DA:6,1
DA:7,1
DA:8,1
DA:9,1
DA:10,1
DA:11,1
DA:12,1
DA:13,1
DA:14,1
DA:15,1
DA:16,1
DA:17,1
DA:18,1
DA:19,1
DA:20,1
DA:21,1
LF:21
LH:21
BRF:0
BRH:0
end_of_record
TN:
SF:base\src\dispatcher\dispatcher.ts
FN:31,ActionTarget
FN:40,RecognizerIndex
FN:44,RecognizerIndex.extend
FN:54,ApplicationInstanceWrapper
FN:62,DispatcherConstants
FN:68,IframeContext
FN:88,Dispatcher
FN:849,Dispatcher.launchApp
FN:986,Dispatcher.postMessageCallbackWrapper
FN:1008,Dispatcher.iframeMessageHandler
FN:98,Dispatcher.registerApplicationCallbacks
FN:107,Dispatcher.clear
FN:130,Dispatcher.runHeartbeat
FN:131,dispatcherHeartbeatFunction
FN:161,Dispatcher.iframeLoaded
FN:178,Dispatcher.deregisterPluginInstance
FN:202,Dispatcher.registerPluginInstance
FN:223,Dispatcher.setLaunchHandler
FN:227,Dispatcher.setPostMessageHandler
FN:231,Dispatcher.matchInList
FN:248,Dispatcher.getRecognizersForCapabilities
FN:254,Dispatcher.getAllRecognizersForCapabilities
FN:273,Dispatcher.getRecognizers
FN:277,Dispatcher.getRecognizersInternal
FN:314,Dispatcher.addRecognizerObject
FN:324,Dispatcher.addRecognizerFromObject
FN:328,Dispatcher.addRecognizerFromObjectInner
FN:359,Dispatcher.addRecognizer
FN:390,Dispatcher.registerPluginWatcher
FN:400,Dispatcher.deregisterPluginWatcher
FN:417,Dispatcher.isConcreteAction
FN:422,Dispatcher.registerAction
FN:426,Dispatcher.registerAbstractAction
FN:455,Dispatcher.getAction
FN:467,Dispatcher.getAbstractActionById
FN:471,Dispatcher.getAbstractActions
FN:502,Dispatcher.resolveActionReferences
FN:530,Dispatcher.isAtomicType
FN:538,Dispatcher.evaluateTemplateOp
FN:605,Dispatcher.isEmpty
FN:610,Dispatcher.buildObjectFromTemplate
FN:640,Dispatcher.makeActionFromObject
FN:689,Dispatcher.makeAction
FN:703,Dispatcher.getAppInstanceWrapper
FN:716,Dispatcher.addPendingIframe
FN:742,Dispatcher.createAsync
FN:768,Dispatcher.getActionTarget
FN:803,Dispatcher.invokeAction
FN:856,Dispatcher.callInstance
FN:861,Dispatcher.callAny
FN:865,Dispatcher.callAll
FN:869,Dispatcher.callEveryone
FN:873,Dispatcher.call
FN:916,Dispatcher.allSettled
FN:924,Dispatcher.findPluginIdFromInstanceId
FN:940,Dispatcher.isIframe
FN:952,Dispatcher.registerEventListener
FN:969,Dispatcher.deregisterEventListener
FN:1030,Dispatcher.attachWindowManager
FN:1046,RecognitionRule
FN:1052,RecognitionRule.isReservedKey
FN:1056,RecognitionRule.isSourceIndexable
FN:1080,RecognitionClause
FN:1084,RecognitionClause.match
FN:1090,RecognizerAnd
FN:1095,RecognizerAnd.match
FN:1106,RecognizerOr
FN:1111,RecognizerOr.match
FN:1124,RecognizerProperty
FN:1157,RecognizerProperty.match
FN:1179,RecognizerProperty.getPropertyValue
FN:1186,RecognizerProperty.getNestedPropertyValue
FN:1197,RecognizerProperty.getDirectPropertyValue
FN:1228,AbstractAction
FN:1235,AbstractAction.getDefaultName
FN:1239,AbstractAction.getId
FN:1250,Action
FN:1264,ActionContainer
FN:1267,ActionContainer.getChildren
FNF:79
FNH:27
FNDA:0,ActionTarget
FNDA:0,RecognizerIndex
FNDA:0,RecognizerIndex.extend
FNDA:0,ApplicationInstanceWrapper
FNDA:4,DispatcherConstants
FNDA:0,IframeContext
FNDA:4,Dispatcher
FNDA:0,Dispatcher.launchApp
FNDA:0,Dispatcher.postMessageCallbackWrapper
FNDA:0,Dispatcher.iframeMessageHandler
FNDA:0,Dispatcher.registerApplicationCallbacks
FNDA:0,Dispatcher.clear
FNDA:4,Dispatcher.runHeartbeat
FNDA:0,dispatcherHeartbeatFunction
FNDA:0,Dispatcher.iframeLoaded
FNDA:0,Dispatcher.deregisterPluginInstance
FNDA:0,Dispatcher.registerPluginInstance
FNDA:0,Dispatcher.setLaunchHandler
FNDA:0,Dispatcher.setPostMessageHandler
FNDA:0,Dispatcher.matchInList
FNDA:4,Dispatcher.getRecognizersForCapabilities
FNDA:4,Dispatcher.getAllRecognizersForCapabilities
FNDA:0,Dispatcher.getRecognizers
FNDA:4,Dispatcher.getRecognizersInternal
FNDA:0,Dispatcher.addRecognizerObject
FNDA:0,Dispatcher.addRecognizerFromObject
FNDA:0,Dispatcher.addRecognizerFromObjectInner
FNDA:4,Dispatcher.addRecognizer
FNDA:0,Dispatcher.registerPluginWatcher
FNDA:0,Dispatcher.deregisterPluginWatcher
FNDA:2,Dispatcher.isConcreteAction
FNDA:4,Dispatcher.registerAction
FNDA:4,Dispatcher.registerAbstractAction
FNDA:2,Dispatcher.getAction
FNDA:2,Dispatcher.getAbstractActionById
FNDA:4,Dispatcher.getAbstractActions
FNDA:0,Dispatcher.resolveActionReferences
FNDA:0,Dispatcher.isAtomicType
FNDA:0,Dispatcher.evaluateTemplateOp
FNDA:0,Dispatcher.isEmpty
FNDA:0,Dispatcher.buildObjectFromTemplate
FNDA:4,Dispatcher.makeActionFromObject
FNDA:4,Dispatcher.makeAction
FNDA:0,Dispatcher.getAppInstanceWrapper
FNDA:0,Dispatcher.addPendingIframe
FNDA:0,Dispatcher.createAsync
FNDA:0,Dispatcher.getActionTarget
FNDA:0,Dispatcher.invokeAction
FNDA:0,Dispatcher.callInstance
FNDA:0,Dispatcher.callAny
FNDA:0,Dispatcher.callAll
FNDA:0,Dispatcher.callEveryone
FNDA:0,Dispatcher.call
FNDA:0,Dispatcher.allSettled
FNDA:4,Dispatcher.findPluginIdFromInstanceId
FNDA:4,Dispatcher.isIframe
FNDA:4,Dispatcher.registerEventListener
FNDA:0,Dispatcher.deregisterEventListener
FNDA:0,Dispatcher.attachWindowManager
FNDA:4,RecognitionRule
FNDA:0,RecognitionRule.isReservedKey
FNDA:0,RecognitionRule.isSourceIndexable
FNDA:27,RecognitionClause
FNDA:0,RecognitionClause.match
FNDA:0,RecognizerAnd
FNDA:0,RecognizerAnd.match
FNDA:0,RecognizerOr
FNDA:0,RecognizerOr.match
FNDA:27,RecognizerProperty
FNDA:26,RecognizerProperty.match
FNDA:26,RecognizerProperty.getPropertyValue
FNDA:5,RecognizerProperty.getNestedPropertyValue
FNDA:21,RecognizerProperty.getDirectPropertyValue
FNDA:4,AbstractAction
FNDA:0,AbstractAction.getDefaultName
FNDA:0,AbstractAction.getId
FNDA:4,Action
FNDA:0,ActionContainer
FNDA:0,ActionContainer.getChildren
DA:1,1
DA:2,1
DA:3,1
DA:4,1
DA:5,1
DA:6,1
DA:7,1
DA:8,1
DA:9,1
DA:10,1
DA:11,1
DA:12,1
DA:13,1
DA:14,1
DA:15,1
DA:16,1
DA:17,1
DA:18,1
DA:19,1
DA:20,1
DA:21,1
DA:22,1
DA:23,1
DA:24,1
DA:25,1
DA:26,1
DA:27,1
DA:28,1
DA:29,1
DA:30,1
DA:31,1
DA:32,0
DA:33,0
DA:34,1
DA:35,1
DA:36,1
DA:37,1
DA:38,1
DA:39,1
DA:40,1
DA:41,0
DA:42,0
DA:43,1
DA:44,1
DA:45,0
DA:46,0
DA:47,0
DA:48,0
DA:49,0
DA:50,0
DA:51,1
DA:52,1
DA:53,1
DA:54,1
DA:55,0
DA:56,0
DA:57,0
DA:58,0
DA:59,0
DA:60,1
DA:61,1
DA:62,4
DA:63,4
DA:64,4
DA:65,4
DA:66,1
DA:67,1
DA:68,1
DA:69,0
DA:70,0
DA:71,0
DA:72,1
DA:73,1
DA:74,1
DA:75,1
DA:76,1
DA:77,1
DA:78,1
DA:79,1
DA:80,1
DA:81,1
DA:82,1
DA:83,1
DA:84,1
DA:85,1
DA:86,1
DA:87,1
DA:88,1
DA:89,4
DA:90,4
DA:91,4
DA:92,4
DA:93,4
DA:94,4
DA:95,4
DA:96,1
DA:97,1
DA:98,1
DA:99,0
DA:100,0
DA:101,0
DA:102,0
DA:103,0
DA:104,1
DA:105,1
DA:106,1
DA:107,1
DA:108,0
DA:109,0
DA:110,0
DA:111,0
DA:112,0
DA:113,0
DA:114,0
DA:115,0
DA:116,0
DA:117,0
DA:118,0
DA:119,0
DA:120,0
DA:121,0
DA:122,0
DA:123,0
DA:124,0
DA:125,0
DA:126,0
DA:127,0
DA:128,0
DA:129,1
DA:130,1
DA:131,4
DA:132,0
DA:133,0
DA:134,0
DA:135,0
DA:136,0
DA:137,0
DA:138,0
DA:139,0
DA:140,0
DA:141,0
DA:142,0
DA:143,0
DA:144,0
DA:145,0
DA:146,0
DA:147,0
DA:148,0
DA:149,0
DA:150,0
DA:151,0
DA:152,0
DA:153,0
DA:154,0
DA:155,0
DA:156,0
DA:157,4
DA:158,4
DA:159,4
DA:160,1
DA:161,1
DA:162,0
DA:163,0
DA:164,0
DA:165,0
DA:166,0
DA:167,0
DA:168,0
DA:169,0
DA:170,0
DA:171,0
DA:172,0
DA:173,0
DA:174,0
DA:175,0
DA:176,0
DA:177,1
DA:178,1
DA:179,0
DA:180,0
DA:181,0
DA:182,0
DA:183,0
DA:184,0
DA:185,0
DA:186,0
DA:187,0
DA:188,0
DA:189,0
DA:190,0
DA:191,0
DA:192,0
DA:193,0
DA:194,0
DA:195,0
DA:196,0
DA:197,0
DA:198,0
DA:199,0
DA:200,0
DA:201,1
DA:202,1
DA:203,0
DA:204,0
DA:205,0
DA:206,0
DA:207,0
DA:208,0
DA:209,0
DA:210,0
DA:211,0
DA:212,0
DA:213,0
DA:214,0
DA:215,0
DA:216,0
DA:217,0
DA:218,0
DA:219,0
DA:220,0
DA:221,0
DA:222,1
DA:223,1
DA:224,0
DA:225,0
DA:226,1
DA:227,1
DA:228,0
DA:229,0
DA:230,1
DA:231,1
DA:232,0
DA:233,0
DA:234,0
DA:235,0
DA:236,0
DA:237,0
DA:238,0
DA:239,0
DA:240,0
DA:241,0
DA:242,0
DA:243,0
DA:244,0
DA:245,0
DA:246,0
DA:247,1
DA:248,1
DA:249,4
DA:250,4
DA:251,4
DA:252,4
DA:253,1
DA:254,1
DA:255,4
DA:256,4
DA:257,4
DA:258,0
DA:259,0
DA:260,0
DA:261,0
DA:262,0
DA:263,0
DA:264,0
DA:265,0
DA:266,0
DA:267,4
DA:268,1
DA:269,1
DA:270,1
DA:271,1
DA:272,1
DA:273,1
DA:274,0
DA:275,0
DA:276,1
DA:277,1
DA:278,4
DA:279,4
DA:280,4
DA:281,4
DA:282,4
DA:283,4
DA:284,4
DA:285,4
DA:286,4
DA:287,4
DA:288,4
DA:289,4
DA:290,4
DA:291,4
DA:292,4
DA:293,4
DA:294,0
DA:295,0
DA:296,0
DA:297,0
DA:298,0
DA:299,0
DA:300,0
DA:301,0
DA:302,0
DA:303,0
DA:304,0
DA:305,4
DA:306,4
DA:307,4
DA:308,2
DA:309,2
DA:310,4
DA:311,4
DA:312,4
DA:313,1
DA:314,1
DA:315,0
DA:316,0
DA:317,1
DA:318,1
DA:319,1
DA:320,1
DA:321,1
DA:322,1
DA:323,1
DA:324,1
DA:325,0
DA:326,0
DA:327,1
DA:328,1
DA:329,0
DA:330,0
DA:331,0
DA:332,0
DA:333,0
DA:334,0
DA:335,0
DA:336,0
DA:337,0
DA:338,0
DA:339,0
DA:340,0
DA:341,0
DA:342,0
DA:343,0
DA:344,0
DA:345,0
DA:346,0
DA:347,0
DA:348,0
DA:349,0
DA:350,0
DA:351,0
DA:352,0
DA:353,0
DA:354,0
DA:355,0
DA:356,0
DA:357,0
DA:358,1
DA:359,1
DA:360,4
DA:361,4
DA:362,4
DA:363,0
DA:364,0
DA:365,0
DA:366,0
DA:367,0
DA:368,0
DA:369,0
DA:370,0
DA:371,0
DA:372,0
DA:373,0
DA:374,0
DA:375,0
DA:376,0
DA:377,0
DA:378,0
DA:379,0
DA:380,0
DA:381,0
DA:382,0
DA:383,0
DA:384,0
DA:385,0
DA:386,0
DA:387,0
DA:388,4
DA:389,1
DA:390,1
DA:391,0
DA:392,0
DA:393,0
DA:394,0
DA:395,0
DA:396,0
DA:397,0
DA:398,0
DA:399,1
DA:400,1
DA:401,0
DA:402,0
DA:403,0
DA:404,0
DA:405,0
DA:406,0
DA:407,0
DA:408,0
DA:409,0
DA:410,0
DA:411,0
DA:412,0
DA:413,0
DA:414,0
DA:415,0
DA:416,1
DA:417,1
DA:418,2
DA:419,2
DA:420,2
DA:421,1
DA:422,1
DA:423,4
DA:424,4
DA:425,1
DA:426,1
DA:427,4
DA:428,4
DA:429,4
DA:430,4
DA:431,0
DA:432,0
DA:433,4
DA:434,4
DA:435,4
DA:436,4
DA:437,0
DA:438,0
DA:439,0
DA:440,0
DA:441,0
DA:442,0
DA:443,0
DA:444,0
DA:445,0
DA:446,0
DA:447,4
DA:448,1
DA:449,1
DA:450,1
DA:451,1
DA:452,1
DA:453,1
DA:454,1
DA:455,1
DA:456,2
DA:457,2
DA:458,2
DA:459,2
DA:460,2
DA:461,2
DA:462,0
DA:463,0
DA:464,0
DA:465,2
DA:466,1
DA:467,1
DA:468,2
DA:469,2
DA:470,1
DA:471,1
DA:472,4
DA:473,4
DA:474,4
DA:475,4
DA:476,4
DA:477,4
DA:478,2
DA:479,2
DA:480,2
DA:481,2
DA:482,0
DA:483,0
DA:484,2
DA:485,2
DA:486,2
DA:487,0
DA:488,0
DA:489,2
DA:490,4
DA:491,4
DA:492,4
DA:493,4
DA:494,4
DA:495,4
DA:496,4
DA:497,1
DA:498,1
DA:499,1
DA:500,1
DA:501,1
DA:502,1
DA:503,0
DA:504,0
DA:505,0
DA:506,0
DA:507,0
DA:508,0
DA:509,0
DA:510,0
DA:511,0
DA:512,0
DA:513,0
DA:514,0
DA:515,0
DA:516,0
DA:517,0
DA:518,0
DA:519,0
DA:520,0
DA:521,0
DA:522,0
DA:523,0
DA:524,0
DA:525,0
DA:526,0
DA:527,0
DA:528,0
DA:529,1
DA:530,1
DA:531,0
DA:532,0
DA:533,0
DA:534,0
DA:535,0
DA:536,0
DA:537,1
DA:538,1
DA:539,0
DA:540,0
DA:541,0
DA:542,0
DA:543,0
DA:544,0
DA:545,0
DA:546,0
DA:547,0
DA:548,0
DA:549,0
DA:550,0
DA:551,0
DA:552,0
DA:553,0
DA:554,0
DA:555,0
DA:556,0
DA:557,0
DA:558,0
DA:559,0
DA:560,0
DA:561,0
DA:562,0
DA:563,0
DA:564,0
DA:565,0
DA:566,0
DA:567,0
DA:568,0
DA:569,0
DA:570,0
DA:571,0
DA:572,0
DA:573,0
DA:574,0
DA:575,0
DA:576,0
DA:577,0
DA:578,0
DA:579,0
DA:580,0
DA:581,0
DA:582,0
DA:583,0
DA:584,0
DA:585,0
DA:586,0
DA:587,0
DA:588,0
DA:589,0
DA:590,0
DA:591,0
DA:592,0
DA:593,0
DA:594,0
DA:595,0
DA:596,0
DA:597,0
DA:598,0
DA:599,0
DA:600,0
DA:601,0
DA:602,0
DA:603,0
DA:604,1
DA:605,1
DA:606,0
DA:607,0
DA:608,0
DA:609,1
DA:610,1
DA:611,0
DA:612,0
DA:613,0
DA:614,0
DA:615,0
DA:616,0
DA:617,0
DA:618,0
DA:619,0
DA:620,0
DA:621,0
DA:622,0
DA:623,0
DA:624,0
DA:625,0
DA:626,0
DA:627,0
DA:628,0
DA:629,0
DA:630,0
DA:631,0
DA:632,0
DA:633,0
DA:634,0
DA:635,0
DA:636,0
DA:637,0
DA:638,1
DA:639,1
DA:640,1
DA:641,4
DA:642,4
DA:643,4
DA:644,0
DA:645,0
DA:646,0
DA:647,0
DA:648,0
DA:649,0
DA:650,0
DA:651,0
DA:652,0
DA:653,0
DA:654,0
DA:655,0
DA:656,0
DA:657,0
DA:658,0
DA:659,0
DA:660,0
DA:661,0
DA:662,0
DA:663,0
DA:664,4
DA:665,4
DA:666,4
DA:667,4
DA:668,4
DA:669,4
DA:670,0
DA:671,0
DA:672,4
DA:673,0
DA:674,0
DA:675,4
DA:676,4
DA:677,0
DA:678,0
DA:679,4
DA:680,4
DA:681,0
DA:682,0
DA:683,4
DA:684,4
DA:685,4
DA:686,4
DA:687,4
DA:688,1
DA:689,1
DA:690,4
DA:691,4
DA:692,4
DA:693,4
DA:694,4
DA:695,4
DA:696,4
DA:697,4
DA:698,4
DA:699,4
DA:700,4
DA:701,4
DA:702,1
DA:703,1
DA:704,0
DA:705,0
DA:706,0
DA:707,0
DA:708,0
DA:709,0
DA:710,0
DA:711,0
DA:712,0
DA:713,0
DA:714,0
DA:715,1
DA:716,1
DA:717,0
DA:718,0
DA:719,0
DA:720,0
DA:721,0
DA:722,0
DA:723,0
DA:724,0
DA:725,0
DA:726,0
DA:727,0
DA:728,0
DA:729,0
DA:730,0
DA:731,0
DA:732,0
DA:733,0
DA:734,0
DA:735,0
DA:736,0
DA:737,0
DA:738,0
DA:739,0
DA:740,0
DA:741,1
DA:742,1
DA:743,0
DA:744,0
DA:745,0
DA:746,0
DA:747,0
DA:748,0
DA:749,0
DA:750,0
DA:751,0
DA:752,0
DA:753,0
DA:754,0
DA:755,0
DA:756,0
DA:757,0
DA:758,0
DA:759,0
DA:760,0
DA:761,0
DA:762,0
DA:763,0
DA:764,0
DA:765,0
DA:766,0
DA:767,1
DA:768,1
DA:769,0
DA:770,0
DA:771,0
DA:772,0
DA:773,0
DA:774,0
DA:775,0
DA:776,0
DA:777,0
DA:778,0
DA:779,0
DA:780,0
DA:781,0
DA:782,0
DA:783,0
DA:784,0
DA:785,0
DA:786,0
DA:787,0
DA:788,0
DA:789,0
DA:790,0
DA:791,0
DA:792,0
DA:793,0
DA:794,0
DA:795,0
DA:796,0
DA:797,0
DA:798,0
DA:799,0
DA:800,0
DA:801,0
DA:802,1
DA:803,1
DA:804,0
DA:805,0
DA:806,0
DA:807,0
DA:808,0
DA:809,0
DA:810,0
DA:811,0
DA:812,0
DA:813,0
DA:814,0
DA:815,0
DA:816,0
DA:817,0
DA:818,0
DA:819,0
DA:820,0
DA:821,0
DA:822,0
DA:823,0
DA:824,0
DA:825,0
DA:826,0
DA:827,0
DA:828,0
DA:829,0
DA:830,0
DA:831,0
DA:832,0
DA:833,0
DA:834,0
DA:835,0
DA:836,0
DA:837,0
DA:838,0
DA:839,0
DA:840,0
DA:841,0
DA:842,0
DA:843,0
DA:844,0
DA:845,0
DA:846,0
DA:847,0
DA:848,1
DA:849,1
DA:850,0
DA:851,0
DA:852,0
DA:853,0
DA:854,0
DA:855,1
DA:856,1
DA:857,0
DA:858,0
DA:859,0
DA:860,1
DA:861,1
DA:862,0
DA:863,0
DA:864,1
DA:865,1
DA:866,0
DA:867,0
DA:868,1
DA:869,1
DA:870,0
DA:871,0
DA:872,1
DA:873,1
DA:874,0
DA:875,0
DA:876,0
DA:877,0
DA:878,0
DA:879,0
DA:880,0
DA:881,0
DA:882,0
DA:883,0
DA:884,0
DA:885,0
DA:886,0
DA:887,0
DA:888,0
DA:889,0
DA:890,0
DA:891,0
DA:892,0
DA:893,0
DA:894,0
DA:895,0
DA:896,0
DA:897,0
DA:898,0
DA:899,0
DA:900,0
DA:901,0
DA:902,0
DA:903,0
DA:904,0
DA:905,0
DA:906,0
DA:907,0
DA:908,0
DA:909,0
DA:910,0
DA:911,0
DA:912,0
DA:913,0
DA:914,0
DA:915,1
DA:916,1
DA:917,0
DA:918,0
DA:919,0
DA:920,0
DA:921,0
DA:922,0
DA:923,1
DA:924,1
DA:925,4
DA:926,4
DA:927,4
DA:928,4
DA:929,0
DA:930,0
DA:931,0
DA:932,0
DA:933,0
DA:934,0
DA:935,0
DA:936,0
DA:937,4
DA:938,4
DA:939,1
DA:940,1
DA:941,4
DA:942,4
DA:943,0
DA:944,0
DA:945,0
DA:946,0
DA:947,0
DA:948,4
DA:949,4
DA:950,4
DA:951,1
DA:952,1
DA:953,4
DA:954,4
DA:955,4
DA:956,4
DA:957,4
DA:958,4
DA:959,4
DA:960,4
DA:961,4
DA:962,4
DA:963,4
DA:964,0
DA:965,0
DA:966,4
DA:967,4
DA:968,1
DA:969,1
DA:970,0
DA:971,0
DA:972,0
DA:973,0
DA:974,0
DA:975,0
DA:976,0
DA:977,0
DA:978,0
DA:979,0
DA:980,0
DA:981,0
DA:982,0
DA:983,0
DA:984,0
DA:985,1
DA:986,1
DA:987,0
DA:988,0
DA:989,0
DA:990,0
DA:991,0
DA:992,0
DA:993,0
DA:994,0
DA:995,0
DA:996,0
DA:997,0
DA:998,0
DA:999,0
DA:1000,0
DA:1001,0
DA:1002,0
DA:1003,0
DA:1004,0
DA:1005,0
DA:1006,0
DA:1007,1
DA:1008,1
DA:1009,0
DA:1010,0
DA:1011,0
DA:1012,0
DA:1013,0
DA:1014,0
DA:1015,0
DA:1016,0
DA:1017,0
DA:1018,0
DA:1019,0
DA:1020,0
DA:1021,0
DA:1022,0
DA:1023,0
DA:1024,0
DA:1025,0
DA:1026,0
DA:1027,0
DA:1028,0
DA:1029,1
DA:1030,1
DA:1031,0
DA:1032,0
DA:1033,0
DA:1034,0
DA:1035,0
DA:1036,0
DA:1037,0
DA:1038,1
DA:1039,1
DA:1040,1
DA:1041,1
DA:1042,1
DA:1043,1
DA:1044,1
DA:1045,1
DA:1046,1
DA:1047,4
DA:1048,4
DA:1049,4
DA:1050,4
DA:1051,1
DA:1052,1
DA:1053,0
DA:1054,0
DA:1055,1
DA:1056,1
DA:1057,0
DA:1058,0
DA:1059,0
DA:1060,1
DA:1061,1
DA:1062,1
DA:1063,1
DA:1064,1
DA:1065,1
DA:1066,1
DA:1067,1
DA:1068,1
DA:1069,1
DA:1070,1
DA:1071,1
DA:1072,1
DA:1073,1
DA:1074,1
DA:1075,1
DA:1076,1
DA:1077,1
DA:1078,1
DA:1079,1
DA:1080,1
DA:1081,27
DA:1082,27
DA:1083,1
DA:1084,1
DA:1085,0
DA:1086,0
DA:1087,1
DA:1088,1
DA:1089,1
DA:1090,1
DA:1091,0
DA:1092,0
DA:1093,1
DA:1094,1
DA:1095,1
DA:1096,0
DA:1097,0
DA:1098,0
DA:1099,0
DA:1100,0
DA:1101,0
DA:1102,0
DA:1103,1
DA:1104,1
DA:1105,1
DA:1106,1
DA:1107,0
DA:1108,0
DA:1109,1
DA:1110,1
DA:1111,1
DA:1112,0
DA:1113,0
DA:1114,0
DA:1115,0
DA:1116,0
DA:1117,0
DA:1118,0
DA:1119,1
DA:1120,1
DA:1121,1
DA:1122,1
DA:1123,1
DA:1124,1
DA:1125,27
DA:1126,20
DA:1127,20
DA:1128,20
DA:1129,3
DA:1130,3
DA:1131,20
DA:1132,6
DA:1133,6
DA:1134,20
DA:1135,6
DA:1136,6
DA:1137,20
DA:1138,2
DA:1139,2
DA:1140,20
DA:1141,2
DA:1142,2
DA:1143,20
DA:1144,0
DA:1145,0
DA:1146,20
DA:1147,1
DA:1148,1
DA:1149,20
DA:1150,19
DA:1151,27
DA:1152,7
DA:1153,7
DA:1154,26
DA:1155,26
DA:1156,1
DA:1157,1
DA:1158,26
DA:1159,26
DA:1160,26
DA:1161,26
DA:1162,26
DA:1163,3
DA:1164,26
DA:1165,6
DA:1166,26
DA:1167,6
DA:1168,26
DA:1169,2
DA:1170,26
DA:1171,2
DA:1172,26
DA:1173,26
DA:1174,7
DA:1175,26
DA:1176,26
DA:1177,26
DA:1178,1
DA:1179,1
DA:1180,26
DA:1181,5
DA:1182,5
DA:1183,21
DA:1184,21
DA:1185,1
DA:1186,1
DA:1187,5
DA:1188,5
DA:1189,14
DA:1190,0
DA:1191,0
DA:1192,14
DA:1193,14
DA:1194,5
DA:1195,5
DA:1196,1
DA:1197,1
DA:1198,21
DA:1199,21
DA:1200,1
DA:1201,1
DA:1202,1
DA:1203,1
DA:1204,1
DA:1205,1
DA:1206,1
DA:1207,1
DA:1208,1
DA:1209,1
DA:1210,1
DA:1211,1
DA:1212,1
DA:1213,1
DA:1214,1
DA:1215,1
DA:1216,1
DA:1217,1
DA:1218,1
DA:1219,1
DA:1220,1
DA:1221,1
DA:1222,1
DA:1223,1
DA:1224,1
DA:1225,1
DA:1226,1
DA:1227,1
DA:1228,1
DA:1229,4
DA:1230,4
DA:1231,4
DA:1232,4
DA:1233,4
DA:1234,1
DA:1235,1
DA:1236,0
DA:1237,0
DA:1238,1
DA:1239,1
DA:1240,0
DA:1241,0
DA:1242,1
DA:1243,1
DA:1244,1
DA:1245,1
DA:1246,1
DA:1247,1
DA:1248,1
DA:1249,1
DA:1250,1
DA:1251,4
DA:1252,4
DA:1253,4
DA:1254,4
DA:1255,4
DA:1256,4
DA:1257,4
DA:1258,4
DA:1259,4
DA:1260,4
DA:1261,4
DA:1262,1
DA:1263,1
DA:1264,0
DA:1265,0
DA:1266,0
DA:1267,0
DA:1268,0
DA:1269,0
DA:1270,0
DA:1271,1
DA:1272,1
DA:1273,1
DA:1274,1
DA:1275,1
DA:1276,1
DA:1277,1
DA:1278,1
DA:1279,1
DA:1280,1
DA:1281,1
LF:1281
LH:546
BRDA:30,0,0,1
BRDA:36,1,0,1
BRDA:53,2,0,1
BRDA:62,3,0,1
BRDA:62,4,0,4
BRDA:67,5,0,1
BRDA:74,6,0,1
BRDA:88,7,0,4
BRDA:130,8,0,4
BRDA:248,9,0,4
BRDA:254,10,0,4
BRDA:257,11,0,0
BRDA:277,12,0,4
BRDA:293,13,0,0
BRDA:306,14,0,4
BRDA:307,15,0,2
BRDA:359,16,0,4
BRDA:362,17,0,0
BRDA:417,18,0,2
BRDA:422,19,0,4
BRDA:426,20,0,4
BRDA:430,21,0,0
BRDA:436,22,0,0
BRDA:455,23,0,2
BRDA:461,24,0,0
BRDA:467,25,0,2
BRDA:471,26,0,4
BRDA:477,27,0,2
BRDA:481,28,0,0
BRDA:486,29,0,0
BRDA:493,30,0,2
BRDA:493,31,0,2
BRDA:494,32,0,0
BRDA:640,33,0,4
BRDA:643,34,0,0
BRDA:669,35,0,0
BRDA:672,36,0,0
BRDA:676,37,0,0
BRDA:680,38,0,0
BRDA:689,39,0,4
BRDA:924,40,0,4
BRDA:928,41,0,0
BRDA:940,42,0,4
BRDA:952,43,0,4
BRDA:963,44,0,0
BRDA:958,45,0,4
BRDA:1040,46,0,1
BRDA:1046,47,0,4
BRDA:1062,48,0,1
BRDA:1076,49,0,1
BRDA:1080,50,0,27
BRDA:1089,51,0,1
BRDA:1105,52,0,1
BRDA:1123,53,0,1
BRDA:1124,54,0,27
BRDA:1125,55,0,20
BRDA:1128,56,0,3
BRDA:1131,57,0,6
BRDA:1134,58,0,6
BRDA:1137,59,0,2
BRDA:1140,60,0,2
BRDA:1143,61,0,0
BRDA:1146,62,0,1
BRDA:1150,63,0,19
BRDA:1151,64,0,7
BRDA:1154,65,0,26
BRDA:1157,66,0,26
BRDA:1162,67,0,3
BRDA:1164,68,0,6
BRDA:1166,69,0,6
BRDA:1168,70,0,2
BRDA:1170,71,0,2
BRDA:1172,72,0,7
BRDA:1173,73,0,7
BRDA:1179,74,0,26
BRDA:1180,75,0,5
BRDA:1183,76,0,21
BRDA:1186,77,0,5
BRDA:1188,78,0,14
BRDA:1189,79,0,0
BRDA:1197,80,0,21
BRDA:1202,81,0,1
BRDA:1210,82,0,1
BRDA:1222,83,0,1
BRDA:1228,84,0,4
BRDA:1244,85,0,1
BRDA:1250,86,0,4
BRDA:1264,87,0,1
BRF:88
BRH:70
end_of_record
TN:
SF:base\src\dispatcher\event-registrar.ts
FN:3,EventRegistrar
FN:9,EventRegistrar.createFullEventId
FN:18,EventRegistrar.findIndexOfEvent
FN:27,EventRegistrar.registerEvent
FN:46,EventRegistrar.deregisterEvent
FN:65,EventRegistrar.findEventCodes
FNF:6
FNH:5
FNDA:4,EventRegistrar
FNDA:4,EventRegistrar.createFullEventId
FNDA:4,EventRegistrar.findIndexOfEvent
FNDA:4,EventRegistrar.registerEvent
FNDA:0,EventRegistrar.deregisterEvent
FNDA:4,EventRegistrar.findEventCodes
DA:1,1
DA:2,1
DA:3,4
DA:4,4
DA:5,4
DA:6,4
DA:7,4
DA:8,4
DA:9,4
DA:10,4
DA:11,4
DA:12,4
DA:13,20
DA:14,20
DA:15,4
DA:16,4
DA:17,4
DA:18,4
DA:19,4
DA:20,4
DA:21,4
DA:22,4
DA:23,4
DA:24,0
DA:25,0
DA:26,4
DA:27,4
DA:28,4
DA:29,4
DA:30,0
DA:31,0
DA:32,0
DA:33,0
DA:34,0
DA:35,0
DA:36,0
DA:37,0
DA:38,0
DA:39,4
DA:40,4
DA:41,4
DA:42,4
DA:43,4
DA:44,4
DA:45,4
DA:46,4
DA:47,0
DA:48,0
DA:49,0
DA:50,0
DA:51,0
DA:52,0
DA:53,0
DA:54,0
DA:55,0
DA:56,0
DA:57,0
DA:58,0
DA:59,0
DA:60,0
DA:61,0
DA:62,0
DA:63,0
DA:64,4
DA:65,4
DA:66,4
DA:67,4
DA:68,4
DA:69,4
DA:70,4
DA:71,4
DA:72,4
DA:73,4
DA:74,4
DA:75,0
DA:76,0
DA:77,4
DA:78,4
DA:79,0
DA:80,0
DA:81,0
DA:82,0
DA:83,0
DA:84,0
DA:85,4
DA:86,0
DA:87,0
DA:88,4
LF:88
LH:50
BRDA:3,0,0,1
BRDA:3,1,0,4
BRDA:9,2,0,4
BRDA:12,3,0,20
BRDA:18,4,0,4
BRDA:24,5,0,0
BRDA:27,6,0,4
BRDA:29,7,0,0
BRDA:65,8,0,4
BRDA:73,9,0,0
BRDA:74,10,0,0
BRDA:78,11,0,0
BRDA:86,12,0,0
BRF:13
BRH:7
end_of_record
TN:
SF:base\src\dispatcher\recognizer.spec.ts
FN:19,addEventListener
FN:20,setTimeout
FN:152,badRecognizerPropertyFn
FN:166,nop
FNF:4
FNH:4
FNDA:8,addEventListener
FNDA:4,setTimeout
FNDA:1,badRecognizerPropertyFn
FNDA:10,nop
DA:1,1
DA:2,1
DA:3,1
DA:4,1
DA:5,1
DA:6,1
DA:7,1
DA:8,1
DA:9,1
DA:10,1
DA:11,1
DA:12,1
DA:13,1
DA:14,1
DA:15,1
DA:16,1
DA:17,1
DA:18,1
DA:19,1
DA:20,1
DA:21,1
DA:22,1
DA:23,1
DA:24,1
DA:25,1
DA:26,1
DA:27,1
DA:28,1
DA:29,1
DA:30,1
DA:31,1
DA:32,1
DA:33,1
DA:34,1
DA:35,1
DA:36,1
DA:37,1
DA:38,1
DA:39,1
DA:40,1
DA:41,1
DA:42,1
DA:43,1
DA:44,1
DA:45,1
DA:46,1
DA:47,1
DA:48,1
DA:49,1
DA:50,1
DA:51,1
DA:52,1
DA:53,1
DA:54,1
DA:55,1
DA:56,1
DA:57,1
DA:58,1
DA:59,1
DA:60,1
DA:61,1
DA:62,1
DA:63,1
DA:64,1
DA:65,1
DA:66,1
DA:67,1
DA:68,1
DA:69,1
DA:70,1
DA:71,1
DA:72,1
DA:73,1
DA:74,1
DA:75,1
DA:76,1
DA:77,1
DA:78,1
DA:79,1
DA:80,1
DA:81,1
DA:82,1
DA:83,1
DA:84,1
DA:85,1
DA:86,1
DA:87,1
DA:88,1
DA:89,1
DA:90,1
DA:91,1
DA:92,1
DA:93,1
DA:94,1
DA:95,1
DA:96,1
DA:97,1
DA:98,1
DA:99,1
DA:100,1
DA:101,1
DA:102,1
DA:103,1
DA:104,1
DA:105,1
DA:106,1
DA:107,1
DA:108,1
DA:109,1
DA:110,1
DA:111,1
DA:112,1
DA:113,1
DA:114,1
DA:115,1
DA:116,1
DA:117,1
DA:118,1
DA:119,1
DA:120,1
DA:121,1
DA:122,1
DA:123,1
DA:124,1
DA:125,1
DA:126,1
DA:127,1
DA:128,1
DA:129,1
DA:130,1
DA:131,1
DA:132,1
DA:133,1
DA:134,1
DA:135,1
DA:136,1
DA:137,1
DA:138,1
DA:139,1
DA:140,1
DA:141,1
DA:142,1
DA:143,1
DA:144,1
DA:145,1
DA:146,1
DA:147,1
DA:148,1
DA:149,1
DA:150,1
DA:151,1
DA:152,1
DA:153,1
DA:154,1
DA:155,1
DA:156,1
DA:157,1
DA:158,1
DA:159,1
DA:160,1
DA:161,1
DA:162,1
DA:163,1
DA:164,1
DA:165,1
DA:166,1
DA:167,1
DA:168,1
DA:169,4
DA:170,4
DA:171,4
DA:172,4
DA:173,4
DA:174,4
DA:175,4
DA:176,4
DA:177,4
DA:178,4
DA:179,4
DA:180,4
DA:181,4
DA:182,4
DA:183,1
DA:184,1
DA:185,1
DA:186,1
DA:187,1
DA:188,1
DA:189,1
DA:190,1
DA:191,1
DA:192,1
DA:193,1
DA:194,1
DA:195,1
DA:196,1
DA:197,1
DA:198,1
DA:199,1
DA:200,1
DA:201,1
DA:202,1
DA:203,1
DA:204,1
DA:205,1
DA:206,1
DA:207,1
DA:208,1
DA:209,1
DA:210,1
DA:211,1
DA:212,1
DA:213,1
DA:214,1
DA:215,1
DA:216,1
DA:217,1
DA:218,1
DA:219,1
DA:220,1
DA:221,1
LF:221
LH:221
BRDA:15,0,0,1
BRDA:17,1,0,1
BRDA:19,2,0,8
BRDA:20,3,0,4
BRDA:25,4,0,1
BRDA:26,5,0,1
BRDA:32,6,0,1
BRDA:38,7,0,1
BRDA:44,8,0,1
BRDA:50,9,0,1
BRDA:56,10,0,1
BRDA:62,11,0,1
BRDA:68,12,0,1
BRDA:74,13,0,1
BRDA:80,14,0,1
BRDA:86,15,0,1
BRDA:92,16,0,1
BRDA:98,17,0,1
BRDA:104,18,0,1
BRDA:110,19,0,1
BRDA:116,20,0,1
BRDA:122,21,0,1
BRDA:128,22,0,1
BRDA:134,23,0,1
BRDA:140,24,0,1
BRDA:145,25,0,1
BRDA:151,26,0,1
BRDA:152,27,0,1
BRDA:156,28,0,1
BRDA:163,29,0,1
BRDA:166,30,0,10
BRDA:168,31,0,4
BRDA:185,32,0,1
BRDA:192,33,0,1
BRDA:198,34,0,1
BRDA:204,35,0,1
BRF:36
BRH:36
end_of_record
TN:
SF:base\src\notification-manager\notification.spec.ts
FNF:0
FNH:0
DA:1,1
DA:2,1
DA:3,1
DA:4,1
DA:5,1
DA:6,1
DA:7,1
DA:8,1
DA:9,1
DA:10,1
DA:11,1
DA:12,1
DA:13,1
DA:14,1
DA:15,1
DA:16,1
DA:17,1
DA:18,1
DA:19,1
DA:20,1
DA:21,1
DA:22,1
DA:23,1
DA:24,1
DA:25,1
DA:26,1
DA:27,1
DA:28,1
DA:29,1
DA:30,1
DA:31,1
DA:32,1
DA:33,1
DA:34,1
DA:35,1
DA:36,1
DA:37,1
DA:38,1
DA:39,1
DA:40,1
DA:41,1
DA:42,1
DA:43,1
DA:44,1
DA:45,1
DA:46,1
DA:47,1
DA:48,1
DA:49,1
DA:50,1
DA:51,1
DA:52,1
DA:53,1
DA:54,1
DA:55,1
DA:56,1
DA:57,1
DA:58,1
DA:59,1
DA:60,1
DA:61,1
DA:62,1
DA:63,1
DA:64,1
DA:65,1
DA:66,1
DA:67,1
DA:68,1
DA:69,1
DA:70,1
DA:71,1
DA:72,1
DA:73,1
DA:74,1
DA:75,1
DA:76,1
DA:77,1
DA:78,1
DA:79,1
DA:80,1
DA:81,1
DA:82,1
DA:83,1
DA:84,1
DA:85,1
DA:86,1
DA:87,1
DA:88,1
DA:89,1
DA:90,1
DA:91,1
DA:92,1
DA:93,1
DA:94,1
DA:95,1
DA:96,1
DA:97,1
LF:97
LH:97
BRDA:14,0,0,1
BRDA:15,1,0,1
BRDA:16,2,0,1
BRDA:21,3,0,1
BRDA:26,4,0,1
BRDA:32,5,0,1
BRDA:33,6,0,1
BRDA:39,7,0,1
BRDA:40,8,0,1
BRDA:46,9,0,1
BRDA:47,10,0,1
BRDA:52,11,0,1
BRDA:62,12,0,1
BRDA:63,13,0,1
BRDA:69,14,0,1
BRDA:70,15,0,1
BRDA:76,16,0,1
BRDA:77,17,0,1
BRDA:82,18,0,1
BRF:19
BRH:19
end_of_record
TN:
SF:base\src\notification-manager\notification.ts
FN:21,ZoweNotification
FN:34,ZoweNotification.getTitle
FN:38,ZoweNotification.getMessage
FN:42,ZoweNotification.getTime
FN:46,ZoweNotification.getType
FN:50,ZoweNotification.getPlugin
FN:54,ZoweNotification.getStyleClass
FNF:7
FNH:7
FNDA:11,ZoweNotification
FNDA:1,ZoweNotification.getTitle
FNDA:1,ZoweNotification.getMessage
FNDA:2,ZoweNotification.getTime
FNDA:1,ZoweNotification.getType
FNDA:1,ZoweNotification.getPlugin
FNDA:4,ZoweNotification.getStyleClass
DA:1,1
DA:2,1
DA:3,1
DA:4,1
DA:5,1
DA:6,1
DA:7,1
DA:8,1
DA:9,1
DA:10,1
DA:11,1
DA:12,1
DA:13,1
DA:14,1
DA:15,1
DA:16,1
DA:17,1
DA:18,1
DA:19,1
DA:20,1
DA:21,1
DA:22,11
DA:23,11
DA:24,11
DA:25,11
DA:26,11
DA:27,11
DA:28,3
DA:29,11
DA:30,8
DA:31,8
DA:32,11
DA:33,1
DA:34,1
DA:35,1
DA:36,1
DA:37,1
DA:38,1
DA:39,1
DA:40,1
DA:41,1
DA:42,1
DA:43,2
DA:44,2
DA:45,1
DA:46,1
DA:47,1
DA:48,1
DA:49,1
DA:50,1
DA:51,1
DA:52,1
DA:53,1
DA:54,1
DA:55,4
DA:56,4
DA:57,4
DA:58,0
DA:59,0
DA:60,4
DA:61,1
DA:62,1
DA:63,1
DA:64,1
DA:65,1
DA:66,1
DA:67,1
DA:68,1
DA:69,1
DA:70,1
DA:71,1
DA:72,1
DA:73,1
LF:73
LH:71
BRDA:13,0,0,1
BRDA:21,1,0,11
BRDA:27,2,0,3
BRDA:29,3,0,8
BRDA:34,4,0,1
BRDA:38,5,0,1
BRDA:42,6,0,2
BRDA:46,7,0,1
BRDA:50,8,0,1
BRDA:54,9,0,4
BRDA:57,10,0,0
BRF:11
BRH:10
end_of_record
TN:
SF:base\src\plugin-manager\plugin.spec.ts
FNF:0
FNH:0
DA:1,1
DA:2,1
DA:3,1
DA:4,1
DA:5,1
DA:6,1
DA:7,1
DA:8,1
DA:9,1
DA:10,1
DA:11,1
DA:12,1
DA:13,1
DA:14,1
DA:15,1
DA:16,1
DA:17,1
DA:18,1
DA:19,1
DA:20,1
DA:21,1
DA:22,1
DA:23,1
DA:24,1
DA:25,1
DA:26,1
DA:27,1
DA:28,1
DA:29,1
DA:30,1
DA:31,1
DA:32,1
DA:33,1
DA:34,1
DA:35,1
DA:36,1
DA:37,1
DA:38,1
DA:39,1
DA:40,1
DA:41,1
DA:42,1
DA:43,1
DA:44,1
DA:45,1
DA:46,1
DA:47,1
DA:48,1
DA:49,1
DA:50,1
DA:51,1
DA:52,1
DA:53,1
DA:54,1
DA:55,1
DA:56,1
DA:57,1
DA:58,1
DA:59,1
DA:60,1
DA:61,1
DA:62,1
DA:63,1
DA:64,1
DA:65,1
DA:66,1
DA:67,1
DA:68,1
DA:69,1
DA:70,1
DA:71,1
DA:72,1
DA:73,1
DA:74,1
DA:75,1
DA:76,1
DA:77,1
DA:78,1
DA:79,1
DA:80,1
DA:81,1
DA:82,1
DA:83,1
DA:84,1
DA:85,1
DA:86,1
DA:87,1
DA:88,1
DA:89,1
DA:90,1
DA:91,1
DA:92,1
DA:93,1
DA:94,1
DA:95,1
DA:96,1
DA:97,1
DA:98,1
DA:99,1
DA:100,1
DA:101,1
DA:102,1
DA:103,1
DA:104,1
DA:105,1
DA:106,1
DA:107,1
DA:108,1
DA:109,1
DA:110,1
DA:111,1
DA:112,1
DA:113,1
DA:114,1
DA:115,1
DA:116,1
DA:117,1
DA:118,1
DA:119,1
DA:120,1
DA:121,1
DA:122,1
DA:123,1
DA:124,1
DA:125,1
DA:126,1
DA:127,1
DA:128,1
DA:129,1
DA:130,1
DA:131,1
DA:132,1
DA:133,1
DA:134,1
DA:135,1
DA:136,1
DA:137,1
DA:138,1
DA:139,1
DA:140,1
DA:141,1
DA:142,1
DA:143,1
DA:144,1
DA:145,1
DA:146,1
DA:147,1
DA:148,1
DA:149,1
DA:150,1
DA:151,1
DA:152,1
DA:153,1
DA:154,1
DA:155,1
DA:156,1
DA:157,1
DA:158,1
DA:159,1
DA:160,1
DA:161,1
DA:162,1
DA:163,1
DA:164,1
DA:165,1
DA:166,1
DA:167,1
DA:168,1
DA:169,1
DA:170,1
DA:171,1
DA:172,1
DA:173,1
DA:174,1
DA:175,5
DA:176,5
DA:177,5
DA:178,5
DA:179,5
DA:180,5
DA:181,5
DA:182,5
DA:183,5
DA:184,1
DA:185,1
DA:186,1
DA:187,1
DA:188,1
DA:189,1
DA:190,1
DA:191,1
DA:192,1
DA:193,1
DA:194,1
DA:195,1
DA:196,1
LF:196
LH:196
BRDA:14,0,0,1
BRDA:15,1,0,1
BRDA:16,2,0,1
BRDA:28,3,0,1
BRDA:40,4,0,1
BRDA:51,5,0,1
BRDA:58,6,0,1
BRDA:61,7,0,1
BRDA:68,8,0,1
BRDA:71,9,0,1
BRDA:78,10,0,1
BRDA:81,11,0,1
BRDA:88,12,0,1
BRDA:91,13,0,1
BRDA:98,14,0,1
BRDA:101,15,0,1
BRDA:108,16,0,1
BRDA:112,17,0,1
BRDA:115,18,0,1
BRDA:126,19,0,1
BRDA:130,20,0,1
BRDA:134,21,0,1
BRDA:138,22,0,1
BRDA:142,23,0,1
BRDA:146,24,0,1
BRDA:150,25,0,1
BRDA:154,26,0,1
BRDA:159,27,0,1
BRDA:160,28,0,1
BRDA:171,29,0,1
BRDA:174,30,0,5
BRDA:175,31,0,5
BRF:32
BRH:32
end_of_record
TN:
SF:base\src\plugin-manager\plugin.ts
FN:15,parsePluginType
FN:32,Plugin
FN:39,Plugin.parsePluginDefinition
FN:69,Plugin.toString
FN:84,Plugin_0
FN:130,Plugin_0.getIdentifier
FN:134,Plugin_0.getKey
FN:138,Plugin_0.getVersion
FN:142,Plugin_0.getWebContent
FN:146,Plugin_0.getType
FN:150,Plugin_0.getCopyright
FN:154,Plugin_0.hasComponents
FN:158,Plugin_0.getBasePlugin
FN:165,Plugin_1
FN:172,Plugin_2
FN:176,Plugin_2.getWebEntrypoint
FNF:16
FNH:14
FNDA:11,parsePluginType
FNDA:14,Plugin
FNDA:16,Plugin.parsePluginDefinition
FNDA:1,Plugin.toString
FNDA:14,Plugin_0
FNDA:1,Plugin_0.getIdentifier
FNDA:2,Plugin_0.getKey
FNDA:1,Plugin_0.getVersion
FNDA:1,Plugin_0.getWebContent
FNDA:0,Plugin_0.getType
FNDA:1,Plugin_0.getCopyright
FNDA:2,Plugin_0.hasComponents
FNDA:1,Plugin_0.getBasePlugin
FNDA:13,Plugin_1
FNDA:1,Plugin_2
FNDA:0,Plugin_2.getWebEntrypoint
DA:1,1
DA:2,1
DA:3,1
DA:4,1
DA:5,1
DA:6,1
DA:7,1
DA:8,1
DA:9,1
DA:10,1
DA:11,1
DA:12,1
DA:13,1
DA:14,1
DA:15,11
DA:16,11
DA:17,11
DA:18,2
DA:19,11
DA:20,3
DA:21,11
DA:22,1
DA:23,11
DA:24,2
DA:25,11
DA:26,2
DA:27,11
DA:28,1
DA:29,11
DA:30,11
DA:31,1
DA:32,14
DA:33,14
DA:34,14
DA:35,14
DA:36,14
DA:37,14
DA:38,14
DA:39,14
DA:40,16
DA:41,16
DA:42,16
DA:43,1
DA:44,16
DA:45,12
DA:46,16
DA:47,1
DA:48,16
DA:49,1
DA:50,16
DA:51,16
DA:52,14
DA:53,14
DA:54,14
DA:55,14
DA:56,14
DA:57,14
DA:58,14
DA:59,14
DA:60,14
DA:61,14
DA:62,14
DA:63,14
DA:64,14
DA:65,14
DA:66,14
DA:67,14
DA:68,14
DA:69,14
DA:70,1
DA:71,1
DA:72,14
DA:73,1
DA:74,1
DA:75,1
DA:76,1
DA:77,1
DA:78,1
DA:79,1
DA:80,1
DA:81,1
DA:82,1
DA:83,1
DA:84,1
DA:85,14
DA:86,14
DA:87,14
DA:88,13
DA:89,14
DA:90,1
DA:91,1
DA:92,13
DA:93,14
DA:94,12
DA:95,14
DA:96,1
DA:97,1
DA:98,12
DA:99,14
DA:100,11
DA:101,11
DA:102,10
DA:103,11
DA:104,1
DA:105,1
DA:106,14
DA:107,1
DA:108,1
DA:109,10
DA:110,10
DA:111,10
DA:112,10
DA:113,10
DA:114,14
DA:115,1
DA:116,1
DA:117,1
DA:118,0
DA:119,0
DA:120,14
DA:121,9
DA:122,9
DA:123,10
DA:124,14
DA:125,1
DA:126,1
DA:127,10
DA:128,10
DA:129,1
DA:130,1
DA:131,1
DA:132,1
DA:133,1
DA:134,1
DA:135,2
DA:136,2
DA:137,1
DA:138,1
DA:139,1
DA:140,1
DA:141,1
DA:142,1
DA:143,1
DA:144,1
DA:145,1
DA:146,1
DA:147,0
DA:148,0
DA:149,1
DA:150,1
DA:151,1
DA:152,1
DA:153,1
DA:154,1
DA:155,2
DA:156,2
DA:157,1
DA:158,1
DA:159,1
DA:160,1
DA:161,1
DA:162,1
DA:163,1
DA:164,1
DA:165,1
DA:166,13
DA:167,13
DA:168,1
DA:169,1
DA:170,1
DA:171,1
DA:172,1
DA:173,1
DA:174,1
DA:175,1
DA:176,1
DA:177,0
DA:178,0
DA:179,0
DA:180,0
DA:181,0
DA:182,0
DA:183,0
DA:184,0
DA:185,0
DA:186,0
DA:187,0
DA:188,0
DA:189,0
DA:190,0
DA:191,1
DA:192,1
DA:193,1
DA:194,1
DA:195,1
DA:196,1
DA:197,1
DA:198,1
DA:199,1
DA:200,1
DA:201,1
DA:202,1
DA:203,1
LF:203
LH:185
BRDA:15,0,0,11
BRDA:17,1,0,2
BRDA:19,2,0,3
BRDA:21,3,0,1
BRDA:23,4,0,2
BRDA:25,5,0,2
BRDA:27,6,0,1
BRDA:32,7,0,1
BRDA:32,8,0,14
BRDA:39,9,0,16
BRDA:42,10,0,1
BRDA:44,11,0,12
BRDA:46,12,0,1
BRDA:48,13,0,1
BRDA:69,14,0,1
BRDA:74,15,0,1
BRDA:84,16,0,14
BRDA:87,17,0,13
BRDA:89,18,0,1
BRDA:92,19,0,13
BRDA:93,20,0,12
BRDA:95,21,0,1
BRDA:98,22,0,12
BRDA:99,23,0,11
BRDA:101,24,0,10
BRDA:103,25,0,1
BRDA:106,26,0,1
BRDA:109,27,0,10
BRDA:114,28,0,1
BRDA:117,29,0,0
BRDA:120,30,0,9
BRDA:123,31,0,10
BRDA:124,32,0,1
BRDA:127,33,0,10
BRDA:130,34,0,1
BRDA:134,35,0,2
BRDA:138,36,0,1
BRDA:142,37,0,1
BRDA:150,38,0,1
BRDA:151,39,0,0
BRDA:154,40,0,2
BRDA:158,41,0,1
BRDA:164,42,0,1
BRDA:165,43,0,13
BRDA:166,44,0,0
BRDA:171,45,0,1
BRDA:172,46,0,1
BRDA:173,47,0,0
BRF:48
BRH:44
end_of_record
TN:
SF:base\src\registry\registry.spec.ts
FN:30,getCapabilities
FN:31,getClass
FN:39,getCapabilities
FN:39,getClass
FN:40,getCapabilities
FN:40,getClass
FN:55,getCapabilities
FN:55,getClass
FN:56,getCapabilities
FN:56,getClass
FN:65,getCapabilities
FN:65,getClass
FN:66,getCapabilities
FN:66,getClass
FN:75,getCapabilities
FN:75,getClass
FN:82,getCapabilities
FN:82,getClass
FNF:18
FNH:18
FNDA:1,getCapabilities
FNDA:1,getClass
FNDA:1,getCapabilities
FNDA:1,getClass
FNDA:1,getCapabilities
FNDA:1,getClass
FNDA:1,getCapabilities
FNDA:1,getClass
FNDA:1,getCapabilities
FNDA:1,getClass
FNDA:1,getCapabilities
FNDA:1,getClass
FNDA:1,getCapabilities
FNDA:1,getClass
FNDA:1,getCapabilities
FNDA:1,getClass
FNDA:1,getCapabilities
FNDA:1,getClass
DA:1,1
DA:2,1
DA:3,1
DA:4,1
DA:5,1
DA:6,1
DA:7,1
DA:8,1
DA:9,1
DA:10,1
DA:11,1
DA:12,1
DA:13,1
DA:14,1
DA:15,1
DA:16,1
DA:17,1
DA:18,8
DA:19,1
DA:20,1
DA:21,1
DA:22,1
DA:23,1
DA:24,1
DA:25,1
DA:26,1
DA:27,1
DA:28,1
DA:29,1
DA:30,1
DA:31,1
DA:32,1
DA:33,1
DA:34,1
DA:35,1
DA:36,1
DA:37,1
DA:38,1
DA:39,1
DA:40,1
DA:41,1
DA:42,1
DA:43,1
DA:44,1
DA:45,1
DA:46,1
DA:47,1
DA:48,1
DA:49,1
DA:50,1
DA:51,1
DA:52,1
DA:53,1
DA:54,1
DA:55,1
DA:56,1
DA:57,1
DA:58,1
DA:59,1
DA:60,1
DA:61,1
DA:62,1
DA:63,1
DA:64,1
DA:65,1
DA:66,1
DA:67,1
DA:68,1
DA:69,1
DA:70,1
DA:71,1
DA:72,1
DA:73,1
DA:74,1
DA:75,1
DA:76,1
DA:77,1
DA:78,1
DA:79,1
DA:80,1
DA:81,1
DA:82,1
DA:83,1
DA:84,1
DA:85,1
DA:86,1
DA:87,1
DA:88,1
DA:89,1
DA:90,1
DA:91,1
DA:92,1
DA:93,1
DA:94,1
DA:95,1
DA:96,1
DA:97,1
DA:98,1
LF:98
LH:98
BRDA:14,0,0,1
BRDA:17,1,0,8
BRDA:21,2,0,1
BRDA:22,3,0,1
BRDA:27,4,0,1
BRDA:28,5,0,1
BRDA:30,6,0,1
BRDA:31,7,0,1
BRDA:38,8,0,1
BRDA:39,9,0,1
BRDA:39,10,0,1
BRDA:40,11,0,1
BRDA:40,12,0,1
BRDA:48,13,0,1
BRDA:49,14,0,1
BRDA:54,15,0,1
BRDA:55,16,0,1
BRDA:55,17,0,1
BRDA:56,18,0,1
BRDA:56,19,0,1
BRDA:64,20,0,1
BRDA:65,21,0,1
BRDA:65,22,0,1
BRDA:66,23,0,1
BRDA:66,24,0,1
BRDA:74,25,0,1
BRDA:75,26,0,1
BRDA:75,27,0,1
BRDA:81,28,0,1
BRDA:82,29,0,1
BRDA:82,30,0,1
BRF:31
BRH:31
end_of_record
TN:
SF:base\src\registry\registry.ts
FN:18,ComponentFactory
FN:23,ComponentFactory.getCapabilities
FN:27,ComponentFactory.getClass
FN:37,Registry
FN:41,Registry.registerComponentFactory
FN:45,Registry.getComponentFactories
FNF:6
FNH:3
FNDA:0,ComponentFactory
FNDA:0,ComponentFactory.getCapabilities
FNDA:0,ComponentFactory.getClass
FNDA:8,Registry
FNDA:9,Registry.registerComponentFactory
FNDA:7,Registry.getComponentFactories
DA:1,1
DA:2,1
DA:3,1
DA:4,1
DA:5,1
DA:6,1
DA:7,1
DA:8,1
DA:9,1
DA:10,1
DA:11,1
DA:12,1
DA:13,1
DA:14,1
DA:15,1
DA:16,1
DA:17,1
DA:18,1
DA:19,0
DA:20,0
DA:21,0
DA:22,1
DA:23,1
DA:24,0
DA:25,0
DA:26,1
DA:27,1
DA:28,0
DA:29,0
DA:30,1
DA:31,1
DA:32,1
DA:33,1
DA:34,1
DA:35,1
DA:36,1
DA:37,1
DA:38,8
DA:39,8
DA:40,1
DA:41,1
DA:42,9
DA:43,9
DA:44,1
DA:45,1
DA:46,7
DA:47,7
DA:48,7
DA:49,9
DA:50,9
DA:51,6
DA:52,6
DA:53,9
DA:54,7
DA:55,7
DA:56,7
DA:57,1
DA:58,1
DA:59,1
DA:60,1
DA:61,1
DA:62,1
DA:63,1
DA:64,1
DA:65,1
DA:66,1
DA:67,1
DA:68,1
LF:68
LH:61
BRDA:14,0,0,1
BRDA:34,1,0,1
BRDA:37,2,0,8
BRDA:41,3,0,9
BRDA:45,4,0,7
BRDA:48,5,0,9
BRDA:50,6,0,8
BRDA:50,7,0,6
BRDA:50,8,0,8
BRF:9
BRH:9
end_of_record
TN:
SF:base\src\util\semantic-version.spec.ts
FNF:0
FNH:0
DA:1,1
DA:2,1
DA:3,1
DA:4,1
DA:5,1
DA:6,1
DA:7,1
DA:8,1
DA:9,1
DA:10,1
DA:11,1
DA:12,1
DA:13,1
DA:14,1
DA:15,1
DA:16,1
DA:17,1
DA:18,1
DA:19,1
DA:20,1
DA:21,1
DA:22,1
DA:23,1
DA:24,1
DA:25,1
DA:26,1
DA:27,1
DA:28,1
DA:29,1
DA:30,1
DA:31,1
DA:32,1
DA:33,1
DA:34,1
DA:35,1
DA:36,1
DA:37,1
DA:38,1
DA:39,1
DA:40,1
DA:41,1
DA:42,1
DA:43,1
DA:44,1
DA:45,1
DA:46,1
DA:47,1
DA:48,1
DA:49,1
DA:50,1
DA:51,1
DA:52,1
DA:53,1
DA:54,1
DA:55,1
DA:56,1
DA:57,1
DA:58,1
DA:59,1
DA:60,1
DA:61,1
DA:62,1
DA:63,1
DA:64,1
DA:65,1
DA:66,1
DA:67,1
DA:68,1
DA:69,1
DA:70,1
DA:71,1
DA:72,1
DA:73,1
DA:74,1
DA:75,1
DA:76,1
DA:77,1
DA:78,1
DA:79,1
DA:80,1
DA:81,1
DA:82,1
DA:83,1
DA:84,1
DA:85,1
DA:86,1
DA:87,1
DA:88,1
DA:89,1
DA:90,1
DA:91,1
DA:92,1
DA:93,1
DA:94,1
DA:95,1
DA:96,1
DA:97,1
DA:98,1
DA:99,1
DA:100,1
DA:101,1
DA:102,1
DA:103,1
DA:104,1
DA:105,1
DA:106,1
DA:107,1
DA:108,1
DA:109,1
DA:110,1
DA:111,1
DA:112,1
DA:113,1
DA:114,1
DA:115,1
LF:115
LH:115
BRDA:14,0,0,1
BRDA:15,1,0,1
BRDA:16,2,0,1
BRDA:23,3,0,1
BRDA:30,4,0,1
BRDA:38,5,0,1
BRDA:46,6,0,1
BRDA:55,7,0,1
BRDA:62,8,0,1
BRDA:69,9,0,1
BRDA:74,10,0,1
BRDA:79,11,0,1
BRDA:80,12,0,1
BRDA:83,13,0,1
BRDA:84,14,0,1
BRDA:87,15,0,1
BRDA:88,16,0,1
BRDA:91,17,0,1
BRDA:92,18,0,1
BRDA:95,19,0,1
BRDA:100,20,0,1
BRF:21
BRH:21
end_of_record
TN:
SF:base\src\util\semantic-version.ts
FN:20,SemanticVersion
FNF:1
FNH:1
FNDA:31,SemanticVersion
DA:1,1
DA:2,1
DA:3,1
DA:4,1
DA:5,1
DA:6,1
DA:7,1
DA:8,1
DA:9,1
DA:10,1
DA:11,1
DA:12,1
DA:13,1
DA:14,1
DA:15,1
DA:16,1
DA:17,1
DA:18,1
DA:19,1
DA:20,1
DA:21,31
DA:22,31
DA:23,31
DA:24,31
DA:25,26
DA:26,26
DA:27,26
DA:28,26
DA:29,26
DA:30,26
DA:31,31
DA:32,5
DA:33,5
DA:34,31
DA:35,1
DA:36,1
DA:37,1
DA:38,1
DA:39,1
DA:40,1
DA:41,1
DA:42,1
DA:43,1
DA:44,1
DA:45,1
LF:45
LH:45
BRDA:13,0,0,1
BRDA:20,1,0,31
BRDA:24,2,0,26
BRDA:27,3,0,25
BRDA:27,4,0,1
BRDA:29,5,0,22
BRDA:30,6,0,24
BRDA:31,7,0,5
BRF:8
BRH:8
end_of_record
